<?xml version="1.0" encoding="UTF-8"?>
<!-- Generated by org.testng.reporters.JUnitReportReporter -->
<testsuite hostname="LAPTOP-NDL7GJ58" failures="0" tests="5" name="com.task.Flipkart" time="39.678" errors="0" timestamp="14 Oct 2021 19:54:52 GMT" skipped="0">
  <testcase classname="com.task.Flipkart" name="login" time="3.967"/>
  <testcase classname="com.task.Flipkart" name="search" time="6.443"/>
  <testcase classname="com.task.Flipkart" name="getText" time="9.603"/>
  <testcase classname="com.task.Flipkart" name="windows" time="18.371"/>
  <testcase classname="com.task.Flipkart" name="screenshot" time="1.294"/>
</testsuite> <!-- com.task.Flipkart -->
